<?xml version="1.0" encoding="UTF-8"?>
<!-- Generated by org.testng.reporters.JUnitReportReporter -->
<testsuite skipped="0" hostname="LAPTOP-LOFQ5T2R" name="api.axiom.test.Scenario1_TestSuite" tests="2" failures="0" timestamp="24 Oct 2020 06:21:50 GMT" time="2.834" errors="0">
  <testcase name="SC1_validateStatusCode" time="1.955" classname="api.axiom.test.Scenario1_TestSuite"/>
  <testcase name="SC1_validateEmployeesProfileImage" time="0.879" classname="api.axiom.test.Scenario1_TestSuite"/>
</testsuite> <!-- api.axiom.test.Scenario1_TestSuite -->
