<?xml version="1.0" encoding="UTF-8"?>
<!-- Generated by org.testng.reporters.JUnitReportReporter -->
<testsuite skipped="0" hostname="LAPTOP-LOFQ5T2R" name="api.axiom.test.TestSuite" tests="5" failures="0" timestamp="24 Oct 2020 06:27:15 GMT" time="4.911" errors="0">
  <testcase name="SC1_validateStatusCode" time="2.527" classname="api.axiom.test.TestSuite"/>
  <testcase name="SC1_validateEmployeesProfileImage" time="0.913" classname="api.axiom.test.TestSuite"/>
  <testcase name="SC2_validateStatusCode" time="1.080" classname="api.axiom.test.TestSuite"/>
  <testcase name="SC2_validateEmployeeImage" time="0.006" classname="api.axiom.test.TestSuite"/>
  <testcase name="SC2_validateResponsePattern" time="0.385" classname="api.axiom.test.TestSuite"/>
</testsuite> <!-- api.axiom.test.TestSuite -->
