<?xml version="1.0" encoding="UTF-8"?>
<!-- Generated by org.testng.reporters.JUnitReportReporter -->
<testsuite skipped="0" hostname="LAPTOP-LOFQ5T2R" name="api.axiom.test.Scenario2_TestSuite" tests="3" failures="0" timestamp="24 Oct 2020 06:21:50 GMT" time="1.913" errors="0">
  <testcase name="SC2_validateStatusCode" time="1.429" classname="api.axiom.test.Scenario2_TestSuite"/>
  <testcase name="SC2_validateEmployeeImage" time="0.008" classname="api.axiom.test.Scenario2_TestSuite"/>
  <testcase name="SC2_validateResponsePattern" time="0.476" classname="api.axiom.test.Scenario2_TestSuite"/>
</testsuite> <!-- api.axiom.test.Scenario2_TestSuite -->
